commit f6a76a24a1471112bb5d77d97582d161dc3cd5a8 (HEAD -> master, origin/master)
Author: alvarorgaz <alvarorgaz@gmail.com>
Date:   Fri Nov 1 12:44:19 2019 +0200

    Add rest of assignment solution files and delete unnecessary ones.

commit aa5eb3f46503d80eb043f6454a935a05dc2f072c
Author: alvarorgaz <alvarorgaz@gmail.com>
Date:   Fri Nov 1 01:47:38 2019 +0200

    Add logs for both ingestion modes.

commit 88394fc562bb16bca13145ec7627444c548240ce
Author: alvarorgaz <alvarorgaz@gmail.com>
Date:   Fri Nov 1 01:46:47 2019 +0200

    Add project GooglePlayStore data and license.

commit 873244f007cff8843a509702ee33c5e53acd061a
Author: alvarorgaz <alvarorgaz@gmail.com>
Date:   Fri Nov 1 01:45:45 2019 +0200

    Modify code errors and cleaning.

commit 59e6be2d445c9e882e24505e84b514de76d97b08
Author: alvarorgaz <alvarorgaz@gmail.com>
Date:   Thu Oct 31 01:26:42 2019 +0200

    Add scripts for the near-realtime ingestion.

commit ce94e6c269da2135ad9df0f7d3a018227ccc5eff
Author: alvarorgaz <alvarorgaz@gmail.com>
Date:   Tue Oct 29 19:15:28 2019 +0200

    Modification for adding file type constraint for clients.

commit cc2d94cdf9e5ea149e219ad34db5e4b1e93d53bf
Author: alvarorgaz <alvarorgaz@gmail.com>
Date:   Sun Oct 27 15:22:09 2019 +0200

    Add scripts for the ingestion with batch.

commit 7461f644d39e1ca96cc2165a21f25c57c1eddff8
Author: alvarorgaz <alvarorgaz@gmail.com>
Date:   Wed Oct 23 15:49:08 2019 +0300

    Default template files for the assignment.